<?xml version="1.0" encoding="UTF-8"?>
<!-- Generated by org.testng.reporters.JUnitReportReporter -->
<testsuite hostname="DESKTOP-84LLPL4" failures="0" tests="1" name="com.Yogisoft.Automation_Project.AppTest" time="0.016" errors="0" timestamp="20 Aug. 2022 15:25:54 GMT" skipped="0">
  <testcase classname="com.Yogisoft.Automation_Project.AppTest" name="shouldAnswerWithTrue" time="0.016"/>
</testsuite> <!-- com.Yogisoft.Automation_Project.AppTest -->
